<?xml version="1.0" encoding="UTF-8"?>
<!-- Generated by org.testng.reporters.JUnitReportReporter -->
<testsuite hostname="LIN51011250" failures="0" tests="1" name="com.mymarquee.qa.testcases.LoginTestCases" time="246.185" errors="0" timestamp="2023-09-11T19:39:04 IST" skipped="0">
  <testcase classname="com.mymarquee.qa.testcases.LoginTestCases" name="verifyUserIsAbleToLoginWithActivatedAccountCredientials" time="246.185"/>
  <system-out>
    <![CDATA[<a target="_blank" href= "C:\Users\APATHRUT\eclipse-workspace\appiumDemo\screenshots\09113520707.png">Screenshot</a>
<a target="_blank" href= "C:\Users\APATHRUT\eclipse-workspace\appiumDemo\screenshots\09113521788.png">Screenshot</a>
Clicked on Accept button
<a target="_blank" href= "C:\Users\APATHRUT\eclipse-workspace\appiumDemo\screenshots\09113527022.png">Screenshot</a>
<a target="_blank" href= "C:\Users\APATHRUT\eclipse-workspace\appiumDemo\screenshots\09113528096.png">Screenshot</a>
Clicked on signin button
<a target="_blank" href= "C:\Users\APATHRUT\eclipse-workspace\appiumDemo\screenshots\09113617089.png">Screenshot</a>
<a target="_blank" href= "C:\Users\APATHRUT\eclipse-workspace\appiumDemo\screenshots\09113618186.png">Screenshot</a>
Entered email.
<a target="_blank" href= "C:\Users\APATHRUT\eclipse-workspace\appiumDemo\screenshots\09113621138.png">Screenshot</a>
Entered Password.
<a target="_blank" href= "C:\Users\APATHRUT\eclipse-workspace\appiumDemo\screenshots\09113626104.png">Screenshot</a>
Clicked on submit button
<a target="_blank" href= "C:\Users\APATHRUT\eclipse-workspace\appiumDemo\screenshots\09113634588.png">Screenshot</a>
Clicked on confirm button
<a target="_blank" href= "C:\Users\APATHRUT\eclipse-workspace\appiumDemo\screenshots\09113653742.png">Screenshot</a>
Clicked on checkbox button
<a target="_blank" href= "C:\Users\APATHRUT\eclipse-workspace\appiumDemo\screenshots\09113658836.png">Screenshot</a>
Clicked on continue button
<a target="_blank" href= "C:\Users\APATHRUT\eclipse-workspace\appiumDemo\screenshots\09113726220.png">Screenshot</a>
Clicked on IAccept button
<a target="_blank" href= "C:\Users\APATHRUT\eclipse-workspace\appiumDemo\screenshots\09113730054.png">Screenshot</a>
Clicked on allow button
<a target="_blank" href= "C:\Users\APATHRUT\eclipse-workspace\appiumDemo\screenshots\09113747512.png">Screenshot</a>
Clicked on close button
<a target="_blank" href= "C:\Users\APATHRUT\eclipse-workspace\appiumDemo\screenshots\09113754436.png">Screenshot</a>
Clicked on +whileUsingTheApp+ button
<a target="_blank" href= "C:\Users\APATHRUT\eclipse-workspace\appiumDemo\screenshots\09113803603.png">Screenshot</a>
<a target="_blank" href= "C:\Users\APATHRUT\eclipse-workspace\appiumDemo\screenshots\09113820946.png">Screenshot</a>
Clicked on actionOpenMenu button
Clicked on setting button
<a target="_blank" href= "C:\Users\APATHRUT\eclipse-workspace\appiumDemo\screenshots\09113854560.png">Screenshot</a>
Clicked on logout button]]>
  </system-out>
</testsuite> <!-- com.mymarquee.qa.testcases.LoginTestCases -->
